----------------------------------------------------------------
<<<<<<< HEAD
Mon Apr 25 11:29:56 COT 2016:
 Iniciando instancia a816c00e-0154-4e41-7f7d-00000b930d58 de Derby, versiÛn The Apache Software Foundation - Apache Derby - 10.10.2.0 - (1582446): 
en el directorio de base de datos C:\Users\Lenovo\AppData\Local\Temp\gfembed8141924536483775547tmp\lib\databases\embedded_default con el cargador de clases sun.misc.Launcher$AppClassLoader@42a57993
Cargado desde file:/C:/Users/Lenovo/.m2/repository/org/glassfish/main/extras/glassfish-embedded-all/4.1.1/glassfish-embedded-all-4.1.1.jar
=======
Mon Apr 25 13:44:02 COT 2016:
Booting Derby version The Apache Software Foundation - Apache Derby - 10.10.2.0 - (1582446): instance a816c00e-0154-4ebc-4747-000003cdd798 
on database directory /private/var/folders/h8/tcj7tbw52336lms634txrg380000gn/T/gfembed4233965727100987758tmp/lib/databases/embedded_default with class loader sun.misc.Launcher$AppClassLoader@232204a1 
Loaded from file:/Users/johnycsc/.m2/repository/org/glassfish/main/extras/glassfish-embedded-all/4.1.1/glassfish-embedded-all-4.1.1.jar
>>>>>>> Cambios A REST y dem√°s
java.vendor=Oracle Corporation
java.runtime.version=1.8.0_45-b15
user.dir=C:\Users\Lenovo\Documents\DesarrolloDeSWEnEquipo\ingesoft\ItinerApp.pom\ItinerApp-logic
os.name=Windows 8
os.arch=amd64
os.version=6.2
derby.system.home=null
Cargador de clases de base de datos iniciado - derby.database.classpath=''
